#
# There is insufficient memory for the Java Runtime Environment to continue.
# Native memory allocation (mmap) failed to map 268435456 bytes for Failed to commit area from 0x0000000700a00000 to 0x0000000710a00000 of length 268435456.
# Possible reasons:
#   The system is out of physical RAM or swap space
#   The process is running with CompressedOops enabled, and the Java Heap may be blocking the growth of the native heap
# Possible solutions:
#   Reduce memory load on the system
#   Increase physical memory or swap space
#   Check if swap backing store is full
#   Decrease Java heap size (-Xmx/-Xms)
#   Decrease number of Java threads
#   Decrease Java thread stack sizes (-Xss)
#   Set larger code cache with -XX:ReservedCodeCacheSize=
# This output file may be truncated or incomplete.
#
#  Out of Memory Error (./src/hotspot/os/windows/os_windows.cpp:3380), pid=9640, tid=7896
#
# JRE version:  (11.0.12+7) (build )
# Java VM: OpenJDK 64-Bit Server VM (11.0.12+7, mixed mode, sharing, tiered, compressed oops, g1 gc, windows-amd64)
# No core dump will be written. Minidumps are not enabled by default on client versions of Windows
#

---------------  S U M M A R Y ------------

Command Line: C:\Program Files\Microsoft Visual Studio\2022\Community\MSBuild\Xamarin\Android\apksigner.jar sign --ks C:\Users\zxr\AppData\Local\Xamarin\Mono for Android\debug.keystore --ks-pass pass:android --ks-key-alias androiddebugkey --key-pass pass:android --min-sdk-version 21 --max-sdk-version 31 C:\Users\zxr\source\repos\WindowShineApp\App1_0\App1_0\App1_0.Android\bin\Release\windowshinerenovation.app1_0-Signed.apk

Host: Intel(R) Core(TM) i5-7600K CPU @ 3.80GHz, 4 cores, 15G,  Windows 10 , 64 bit Build 19041 (10.0.19041.2364)
Time: Wed Jan 11 20:23:44 2023 GMT Standard Time elapsed time: 0.109716 seconds (0d 0h 0m 0s)

---------------  T H R E A D  ---------------

Current thread (0x000001c149451000):  JavaThread "Unknown thread" [_thread_in_vm, id=7896, stack(0x000000be03f00000,0x000000be04000000)]

Stack: [0x000000be03f00000,0x000000be04000000]
Native frames: (J=compiled Java code, j=interpreted, Vv=VM code, C=native code)
V  [jvm.dll+0x6090fa]
V  [jvm.dll+0x79229e]
V  [jvm.dll+0x79396f]
V  [jvm.dll+0x794033]
V  [jvm.dll+0x24bed8]
V  [jvm.dll+0x60624a]
V  [jvm.dll+0x5facf5]
V  [jvm.dll+0x303b5c]
V  [jvm.dll+0x3039e2]
V  [jvm.dll+0x308706]
V  [jvm.dll+0x34d5cf]
V  [jvm.dll+0x34d000]
V  [jvm.dll+0x2e0c68]
V  [jvm.dll+0x2e1dc6]
V  [jvm.dll+0x76d627]
V  [jvm.dll+0x76edaf]
V  [jvm.dll+0x35a359]
V  [jvm.dll+0x750710]
V  [jvm.dll+0x3c1f8f]
V  [jvm.dll+0x3c4461]
C  [jli.dll+0x5207]
C  [ucrtbase.dll+0x21bb2]
C  [KERNEL32.DLL+0x17614]
C  [ntdll.dll+0x526a1]


---------------  P R O C E S S  ---------------

Threads class SMR info:
_java_thread_list=0x000001c147256150, length=0, elements={
}

Java Threads: ( => current thread )

Other Threads:
  0x000001c14946a000 GCTaskThread "GC Thread#0" [stack: 0x000000be04000000,0x000000be04100000] [id=4036]
  0x000001c1494c6000 ConcurrentGCThread "G1 Main Marker" [stack: 0x000000be04100000,0x000000be04200000] [id=1728]
  0x000001c1494c8800 ConcurrentGCThread "G1 Conc#0" [stack: 0x000000be04200000,0x000000be04300000] [id=4888]

[error occurred during error reporting (printing all threads), id 0xc0000005, EXCEPTION_ACCESS_VIOLATION (0xc0000005) at pc=0x00007ff8afdb0337]

VM state:not at safepoint (not fully initialized)

VM Mutex/Monitor currently owned by a thread:  ([mutex/lock_event])
[0x000001c14944ce30] Heap_lock - owner thread: 0x000001c149451000

Heap address: 0x0000000700a00000, size: 4086 MB, Compressed Oops mode: Non-zero based: 0x0000000700a00000
Narrow klass base: 0x0000000000000000, Narrow klass shift: 0

GC Heap History (0 events):
No events

Deoptimization events (0 events):
No events

Classes redefined (0 events):
No events

Internal exceptions (0 events):
No events

Events (1 events):
Event: 0.010 Loaded shared library C:\Program Files\Microsoft\jdk-11.0.12.7-hotspot\bin\zip.dll


Dynamic libraries:
0x00007ff7a1e10000 - 0x00007ff7a1e1d000 	C:\Program Files\Microsoft\jdk-11.0.12.7-hotspot\bin\java.exe
0x00007ff949850000 - 0x00007ff949a48000 	C:\WINDOWS\SYSTEM32\ntdll.dll
0x00007ff9490d0000 - 0x00007ff94918f000 	C:\WINDOWS\System32\KERNEL32.DLL
0x00007ff947340000 - 0x00007ff947612000 	C:\WINDOWS\System32\KERNELBASE.dll
0x00007ff9471a0000 - 0x00007ff9472a0000 	C:\WINDOWS\System32\ucrtbase.dll
0x00007ff90ab10000 - 0x00007ff90ab27000 	C:\Program Files\Microsoft\jdk-11.0.12.7-hotspot\bin\jli.dll
0x00007ff8f7ab0000 - 0x00007ff8f7ac5000 	C:\Program Files\Microsoft\jdk-11.0.12.7-hotspot\bin\VCRUNTIME140.dll
0x00007ff947940000 - 0x00007ff947ae1000 	C:\WINDOWS\System32\USER32.dll
0x00007ff932c10000 - 0x00007ff932eaa000 	C:\WINDOWS\WinSxS\amd64_microsoft.windows.common-controls_6595b64144ccf1df_6.0.19041.1110_none_60b5254171f9507e\COMCTL32.dll
0x00007ff947050000 - 0x00007ff947072000 	C:\WINDOWS\System32\win32u.dll
0x00007ff948f40000 - 0x00007ff948fde000 	C:\WINDOWS\System32\msvcrt.dll
0x00007ff948d10000 - 0x00007ff948d3b000 	C:\WINDOWS\System32\GDI32.dll
0x00007ff946f40000 - 0x00007ff94704f000 	C:\WINDOWS\System32\gdi32full.dll
0x00007ff9472a0000 - 0x00007ff94733d000 	C:\WINDOWS\System32\msvcp_win.dll
0x00007ff9489f0000 - 0x00007ff948a22000 	C:\WINDOWS\System32\IMM32.DLL
0x00007ff8f1570000 - 0x00007ff8f160b000 	C:\Program Files\Microsoft\jdk-11.0.12.7-hotspot\bin\msvcp140.dll
0x00007ff8afac0000 - 0x00007ff8b0621000 	C:\Program Files\Microsoft\jdk-11.0.12.7-hotspot\bin\server\jvm.dll
0x00007ff947890000 - 0x00007ff94793e000 	C:\WINDOWS\System32\ADVAPI32.dll
0x00007ff948d40000 - 0x00007ff948ddc000 	C:\WINDOWS\System32\sechost.dll
0x00007ff948a30000 - 0x00007ff948b55000 	C:\WINDOWS\System32\RPCRT4.dll
0x00007ff9480d0000 - 0x00007ff9480d8000 	C:\WINDOWS\System32\PSAPI.DLL
0x00007ff93f690000 - 0x00007ff93f6b7000 	C:\WINDOWS\SYSTEM32\WINMM.dll
0x00007ff93f6c0000 - 0x00007ff93f6ca000 	C:\WINDOWS\SYSTEM32\VERSION.dll
0x00007ff92dad0000 - 0x00007ff92dad9000 	C:\WINDOWS\SYSTEM32\WSOCK32.dll
0x00007ff949060000 - 0x00007ff9490cb000 	C:\WINDOWS\System32\WS2_32.dll
0x00007ff944de0000 - 0x00007ff944df2000 	C:\WINDOWS\SYSTEM32\kernel.appcore.dll
0x00007ff92df40000 - 0x00007ff92df50000 	C:\Program Files\Microsoft\jdk-11.0.12.7-hotspot\bin\verify.dll
0x00007ff9425d0000 - 0x00007ff9427b4000 	C:\WINDOWS\SYSTEM32\DBGHELP.DLL
0x00007ff942590000 - 0x00007ff9425c5000 	C:\WINDOWS\SYSTEM32\dbgcore.DLL
0x00007ff947620000 - 0x00007ff9476a2000 	C:\WINDOWS\System32\bcryptPrimitives.dll
0x00007ff8f7a80000 - 0x00007ff8f7aa8000 	C:\Program Files\Microsoft\jdk-11.0.12.7-hotspot\bin\java.dll
0x00007ff92dc70000 - 0x00007ff92dc7a000 	C:\Program Files\Microsoft\jdk-11.0.12.7-hotspot\bin\jimage.dll
0x00007ff8f79d0000 - 0x00007ff8f79e7000 	C:\Program Files\Microsoft\jdk-11.0.12.7-hotspot\bin\zip.dll

dbghelp: loaded successfully - version: 4.0.5 - missing functions: none
symbol engine: initialized successfully - sym options: 0x614 - pdb path: .;C:\Program Files\Microsoft\jdk-11.0.12.7-hotspot\bin;C:\WINDOWS\SYSTEM32;C:\WINDOWS\WinSxS\amd64_microsoft.windows.common-controls_6595b64144ccf1df_6.0.19041.1110_none_60b5254171f9507e;C:\Program Files\Microsoft\jdk-11.0.12.7-hotspot\bin\server

VM Arguments:
java_command: C:\Program Files\Microsoft Visual Studio\2022\Community\MSBuild\Xamarin\Android\apksigner.jar sign --ks C:\Users\zxr\AppData\Local\Xamarin\Mono for Android\debug.keystore --ks-pass pass:android --ks-key-alias androiddebugkey --key-pass pass:android --min-sdk-version 21 --max-sdk-version 31 C:\Users\zxr\source\repos\WindowShineApp\App1_0\App1_0\App1_0.Android\bin\Release\windowshinerenovation.app1_0-Signed.apk
java_class_path (initial): C:\Program Files\Microsoft Visual Studio\2022\Community\MSBuild\Xamarin\Android\apksigner.jar
Launcher Type: SUN_STANDARD

[Global flags]
     intx CICompilerCount                          = 3                                         {product} {ergonomic}
     uint ConcGCThreads                            = 1                                         {product} {ergonomic}
     uint G1ConcRefinementThreads                  = 4                                         {product} {ergonomic}
   size_t G1HeapRegionSize                         = 1048576                                   {product} {ergonomic}
    uintx GCDrainStackTargetSize                   = 64                                        {product} {ergonomic}
   size_t InitialHeapSize                          = 268435456                                 {product} {ergonomic}
   size_t MarkStackSize                            = 4194304                                   {product} {ergonomic}
   size_t MaxHeapSize                              = 4284481536                                {product} {ergonomic}
   size_t MinHeapDeltaBytes                        = 1048576                                   {product} {ergonomic}
    uintx NonNMethodCodeHeapSize                   = 5830732                                {pd product} {ergonomic}
    uintx NonProfiledCodeHeapSize                  = 122913754                              {pd product} {ergonomic}
    uintx ProfiledCodeHeapSize                     = 122913754                              {pd product} {ergonomic}
    uintx ReservedCodeCacheSize                    = 251658240                              {pd product} {ergonomic}
     bool SegmentedCodeCache                       = true                                      {product} {ergonomic}
     bool UseCompressedClassPointers               = true                                 {lp64_product} {ergonomic}
     bool UseCompressedOops                        = true                                 {lp64_product} {ergonomic}
     bool UseG1GC                                  = true                                      {product} {ergonomic}
     bool UseLargePagesIndividualAllocation        = false                                  {pd product} {ergonomic}

Logging:
Log output configuration:
 #0: stdout all=warning uptime,level,tags
 #1: stderr all=off uptime,level,tags

Environment Variables:
PATH=C:\Program Files\Microsoft\jdk-11.0.12.7-hotspot\bin;C:\WINDOWS\system32;C:\WINDOWS;C:\WINDOWS\System32\Wbem;C:\WINDOWS\System32\WindowsPowerShell\v1.0\;C:\WINDOWS\System32\OpenSSH\;C:\Program Files (x86)\NVIDIA Corporation\PhysX\Common;C:\Program Files\NVIDIA Corporation\NVIDIA NvDLISR;C:\Program Files\dotnet\;C:\Program Files\Microsoft SQL Server\150\Tools\Binn\;C:\Program Files\Microsoft SQL Server\Client SDK\ODBC\170\Tools\Binn\;C:\Program Files (x86)\Microsoft SQL Server\150\Tools\Binn\;C:\Program Files\Microsoft SQL Server\150\DTS\Binn\;C:\Program Files (x86)\Microsoft SQL Server\150\DTS\Binn\;C:\Program Files\Azure Data Studio\bin;D:\XampNew\php;C:\ProgramData\ComposerSetup\bin;C:\ProgramData\chocolatey\bin;C:\Program Files\OpenSSL\bin;C:\Program Files\Git\cmd;C:\Users\zxr\AppData\Local\Microsoft\WindowsApps;C:\Users\zxr\.dotnet\tools;C:\Program Files\Azure Data Studio\bin;C:\Users\zxr\AppData\Roaming\Composer\vendor\bin
USERNAME=zxr
OS=Windows_NT
PROCESSOR_IDENTIFIER=Intel64 Family 6 Model 158 Stepping 9, GenuineIntel



---------------  S Y S T E M  ---------------

OS: Windows 10 , 64 bit Build 19041 (10.0.19041.2364)
OS uptime: 0 days 2:16 hours
Hyper-V role detected

CPU:total 4 (initial active 4) (4 cores per cpu, 1 threads per core) family 6 model 158 stepping 9 microcode 0xb4, cmov, cx8, fxsr, mmx, sse, sse2, sse3, ssse3, sse4.1, sse4.2, popcnt, avx, avx2, aes, clmul, erms, rtm, 3dnowpref, lzcnt, tsc, tscinvbit, bmi1, bmi2, adx, fma

Memory: 4k page, system-wide physical 16339M (1003M free)
TotalPageFile size 18387M (AvailPageFile size 46M)
current process WorkingSet (physical memory assigned to process): 10M, peak: 10M
current process commit charge ("private bytes"): 52M, peak: 308M

vm_info: OpenJDK 64-Bit Server VM (11.0.12+7) for windows-amd64 JRE (11.0.12+7), built on Jul 21 2021 15:41:43 by "" with unknown MS VC++:1916

END.
