#
# There is insufficient memory for the Java Runtime Environment to continue.
# Native memory allocation (mmap) failed to map 268435456 bytes for Failed to commit area from 0x0000000700a00000 to 0x0000000710a00000 of length 268435456.
# Possible reasons:
#   The system is out of physical RAM or swap space
#   The process is running with CompressedOops enabled, and the Java Heap may be blocking the growth of the native heap
# Possible solutions:
#   Reduce memory load on the system
#   Increase physical memory or swap space
#   Check if swap backing store is full
#   Decrease Java heap size (-Xmx/-Xms)
#   Decrease number of Java threads
#   Decrease Java thread stack sizes (-Xss)
#   Set larger code cache with -XX:ReservedCodeCacheSize=
# This output file may be truncated or incomplete.
#
#  Out of Memory Error (./src/hotspot/os/windows/os_windows.cpp:3380), pid=6796, tid=19312
#
# JRE version:  (11.0.12+7) (build )
# Java VM: OpenJDK 64-Bit Server VM (11.0.12+7, mixed mode, sharing, tiered, compressed oops, g1 gc, windows-amd64)
# No core dump will be written. Minidumps are not enabled by default on client versions of Windows
#

---------------  S U M M A R Y ------------

Command Line: C:\Program Files\Microsoft Visual Studio\2022\Community\MSBuild\Xamarin\Android\apksigner.jar sign --ks C:\Users\zxr\AppData\Local\Xamarin\Mono for Android\debug.keystore --ks-pass pass:android --ks-key-alias androiddebugkey --key-pass pass:android --min-sdk-version 21 --max-sdk-version 31 C:\Users\zxr\source\repos\WindowShineApp\App1_0\App1_0\App1_0.Android\bin\Release\windowshinerenovation.app1_0-Signed.apk

Host: Intel(R) Core(TM) i5-7600K CPU @ 3.80GHz, 4 cores, 15G,  Windows 10 , 64 bit Build 19041 (10.0.19041.2364)
Time: Tue Jan 24 16:18:34 2023 GMT Standard Time elapsed time: 0.034613 seconds (0d 0h 0m 0s)

---------------  T H R E A D  ---------------

Current thread (0x0000025fb3a22000):  JavaThread "Unknown thread" [_thread_in_vm, id=19312, stack(0x000000dfa6c00000,0x000000dfa6d00000)]

Stack: [0x000000dfa6c00000,0x000000dfa6d00000]
Native frames: (J=compiled Java code, j=interpreted, Vv=VM code, C=native code)
V  [jvm.dll+0x6090fa]
V  [jvm.dll+0x79229e]
V  [jvm.dll+0x79396f]
V  [jvm.dll+0x794033]
V  [jvm.dll+0x24bed8]
V  [jvm.dll+0x60624a]
V  [jvm.dll+0x5facf5]
V  [jvm.dll+0x303b5c]
V  [jvm.dll+0x3039e2]
V  [jvm.dll+0x308706]
V  [jvm.dll+0x34d5cf]
V  [jvm.dll+0x34d000]
V  [jvm.dll+0x2e0c68]
V  [jvm.dll+0x2e1dc6]
V  [jvm.dll+0x76d627]
V  [jvm.dll+0x76edaf]
V  [jvm.dll+0x35a359]
V  [jvm.dll+0x750710]
V  [jvm.dll+0x3c1f8f]
V  [jvm.dll+0x3c4461]
C  [jli.dll+0x5207]
C  [ucrtbase.dll+0x21bb2]
C  [KERNEL32.DLL+0x17614]
C  [ntdll.dll+0x526a1]


---------------  P R O C E S S  ---------------

Threads class SMR info:
_java_thread_list=0x0000025fb1836250, length=0, elements={
}

Java Threads: ( => current thread )

Other Threads:
  0x0000025fb3a3a000 GCTaskThread "GC Thread#0" [stack: 0x000000dfa6d00000,0x000000dfa6e00000] [id=15060]
  0x0000025fb3a97800 ConcurrentGCThread "G1 Main Marker" [stack: 0x000000dfa6e00000,0x000000dfa6f00000] [id=18924]
  0x0000025fb3a99000 ConcurrentGCThread "G1 Conc#0" [stack: 0x000000dfa6f00000,0x000000dfa7000000] [id=17356]

[error occurred during error reporting (printing all threads), id 0xc0000005, EXCEPTION_ACCESS_VIOLATION (0xc0000005) at pc=0x00007ffcab420337]

VM state:not at safepoint (not fully initialized)

VM Mutex/Monitor currently owned by a thread:  ([mutex/lock_event])
[0x0000025fb3a1dfc0] Heap_lock - owner thread: 0x0000025fb3a22000

Heap address: 0x0000000700a00000, size: 4086 MB, Compressed Oops mode: Non-zero based: 0x0000000700a00000
Narrow klass base: 0x0000000000000000, Narrow klass shift: 0

GC Heap History (0 events):
No events

Deoptimization events (0 events):
No events

Classes redefined (0 events):
No events

Internal exceptions (0 events):
No events

Events (1 events):
Event: 0.008 Loaded shared library C:\Program Files\Microsoft\jdk-11.0.12.7-hotspot\bin\zip.dll


Dynamic libraries:
0x00007ff7eee90000 - 0x00007ff7eee9d000 	C:\Program Files\Microsoft\jdk-11.0.12.7-hotspot\bin\java.exe
0x00007ffd7c5f0000 - 0x00007ffd7c7e8000 	C:\WINDOWS\SYSTEM32\ntdll.dll
0x00007ffd7a6c0000 - 0x00007ffd7a77f000 	C:\WINDOWS\System32\KERNEL32.DLL
0x00007ffd79da0000 - 0x00007ffd7a072000 	C:\WINDOWS\System32\KERNELBASE.dll
0x00007ffd7a290000 - 0x00007ffd7a390000 	C:\WINDOWS\System32\ucrtbase.dll
0x00007ffd36f20000 - 0x00007ffd36f37000 	C:\Program Files\Microsoft\jdk-11.0.12.7-hotspot\bin\jli.dll
0x00007ffd308d0000 - 0x00007ffd308e5000 	C:\Program Files\Microsoft\jdk-11.0.12.7-hotspot\bin\VCRUNTIME140.dll
0x00007ffd7bd60000 - 0x00007ffd7bf01000 	C:\WINDOWS\System32\USER32.dll
0x00007ffd7a080000 - 0x00007ffd7a0a2000 	C:\WINDOWS\System32\win32u.dll
0x00007ffd64880000 - 0x00007ffd64b1a000 	C:\WINDOWS\WinSxS\amd64_microsoft.windows.common-controls_6595b64144ccf1df_6.0.19041.1110_none_60b5254171f9507e\COMCTL32.dll
0x00007ffd7b600000 - 0x00007ffd7b62b000 	C:\WINDOWS\System32\GDI32.dll
0x00007ffd7b690000 - 0x00007ffd7b72e000 	C:\WINDOWS\System32\msvcrt.dll
0x00007ffd7a390000 - 0x00007ffd7a49f000 	C:\WINDOWS\System32\gdi32full.dll
0x00007ffd7a1f0000 - 0x00007ffd7a28d000 	C:\WINDOWS\System32\msvcp_win.dll
0x00007ffd7c570000 - 0x00007ffd7c5a2000 	C:\WINDOWS\System32\IMM32.DLL
0x00007ffcd9b30000 - 0x00007ffcd9bcb000 	C:\Program Files\Microsoft\jdk-11.0.12.7-hotspot\bin\msvcp140.dll
0x00007ffcab130000 - 0x00007ffcabc91000 	C:\Program Files\Microsoft\jdk-11.0.12.7-hotspot\bin\server\jvm.dll
0x00007ffd7bf10000 - 0x00007ffd7bfbe000 	C:\WINDOWS\System32\ADVAPI32.dll
0x00007ffd7a830000 - 0x00007ffd7a8cc000 	C:\WINDOWS\System32\sechost.dll
0x00007ffd7b8b0000 - 0x00007ffd7b9d5000 	C:\WINDOWS\System32\RPCRT4.dll
0x00007ffd7bd50000 - 0x00007ffd7bd58000 	C:\WINDOWS\System32\PSAPI.DLL
0x00007ffd5f130000 - 0x00007ffd5f139000 	C:\WINDOWS\SYSTEM32\WSOCK32.dll
0x00007ffd73da0000 - 0x00007ffd73dc7000 	C:\WINDOWS\SYSTEM32\WINMM.dll
0x00007ffd7b9e0000 - 0x00007ffd7ba4b000 	C:\WINDOWS\System32\WS2_32.dll
0x00007ffd72d60000 - 0x00007ffd72d6a000 	C:\WINDOWS\SYSTEM32\VERSION.dll
0x00007ffd77aa0000 - 0x00007ffd77ab2000 	C:\WINDOWS\SYSTEM32\kernel.appcore.dll
0x00007ffd3d1e0000 - 0x00007ffd3d1f0000 	C:\Program Files\Microsoft\jdk-11.0.12.7-hotspot\bin\verify.dll
0x00007ffd71290000 - 0x00007ffd71474000 	C:\WINDOWS\SYSTEM32\DBGHELP.DLL
0x00007ffd5b710000 - 0x00007ffd5b745000 	C:\WINDOWS\SYSTEM32\dbgcore.DLL
0x00007ffd7a160000 - 0x00007ffd7a1e2000 	C:\WINDOWS\System32\bcryptPrimitives.dll
0x00007ffd30560000 - 0x00007ffd30588000 	C:\Program Files\Microsoft\jdk-11.0.12.7-hotspot\bin\java.dll
0x00007ffd3cb10000 - 0x00007ffd3cb1a000 	C:\Program Files\Microsoft\jdk-11.0.12.7-hotspot\bin\jimage.dll
0x00007ffd2fc50000 - 0x00007ffd2fc67000 	C:\Program Files\Microsoft\jdk-11.0.12.7-hotspot\bin\zip.dll

dbghelp: loaded successfully - version: 4.0.5 - missing functions: none
symbol engine: initialized successfully - sym options: 0x614 - pdb path: .;C:\Program Files\Microsoft\jdk-11.0.12.7-hotspot\bin;C:\WINDOWS\SYSTEM32;C:\WINDOWS\WinSxS\amd64_microsoft.windows.common-controls_6595b64144ccf1df_6.0.19041.1110_none_60b5254171f9507e;C:\Program Files\Microsoft\jdk-11.0.12.7-hotspot\bin\server

VM Arguments:
java_command: C:\Program Files\Microsoft Visual Studio\2022\Community\MSBuild\Xamarin\Android\apksigner.jar sign --ks C:\Users\zxr\AppData\Local\Xamarin\Mono for Android\debug.keystore --ks-pass pass:android --ks-key-alias androiddebugkey --key-pass pass:android --min-sdk-version 21 --max-sdk-version 31 C:\Users\zxr\source\repos\WindowShineApp\App1_0\App1_0\App1_0.Android\bin\Release\windowshinerenovation.app1_0-Signed.apk
java_class_path (initial): C:\Program Files\Microsoft Visual Studio\2022\Community\MSBuild\Xamarin\Android\apksigner.jar
Launcher Type: SUN_STANDARD

[Global flags]
     intx CICompilerCount                          = 3                                         {product} {ergonomic}
     uint ConcGCThreads                            = 1                                         {product} {ergonomic}
     uint G1ConcRefinementThreads                  = 4                                         {product} {ergonomic}
   size_t G1HeapRegionSize                         = 1048576                                   {product} {ergonomic}
    uintx GCDrainStackTargetSize                   = 64                                        {product} {ergonomic}
   size_t InitialHeapSize                          = 268435456                                 {product} {ergonomic}
   size_t MarkStackSize                            = 4194304                                   {product} {ergonomic}
   size_t MaxHeapSize                              = 4284481536                                {product} {ergonomic}
   size_t MinHeapDeltaBytes                        = 1048576                                   {product} {ergonomic}
    uintx NonNMethodCodeHeapSize                   = 5830732                                {pd product} {ergonomic}
    uintx NonProfiledCodeHeapSize                  = 122913754                              {pd product} {ergonomic}
    uintx ProfiledCodeHeapSize                     = 122913754                              {pd product} {ergonomic}
    uintx ReservedCodeCacheSize                    = 251658240                              {pd product} {ergonomic}
     bool SegmentedCodeCache                       = true                                      {product} {ergonomic}
     bool UseCompressedClassPointers               = true                                 {lp64_product} {ergonomic}
     bool UseCompressedOops                        = true                                 {lp64_product} {ergonomic}
     bool UseG1GC                                  = true                                      {product} {ergonomic}
     bool UseLargePagesIndividualAllocation        = false                                  {pd product} {ergonomic}

Logging:
Log output configuration:
 #0: stdout all=warning uptime,level,tags
 #1: stderr all=off uptime,level,tags

Environment Variables:
PATH=C:\Program Files\Microsoft\jdk-11.0.12.7-hotspot\bin;C:\WINDOWS\system32;C:\WINDOWS;C:\WINDOWS\System32\Wbem;C:\WINDOWS\System32\WindowsPowerShell\v1.0\;C:\WINDOWS\System32\OpenSSH\;C:\Program Files (x86)\NVIDIA Corporation\PhysX\Common;C:\Program Files\NVIDIA Corporation\NVIDIA NvDLISR;C:\Program Files\dotnet\;C:\Program Files\Microsoft SQL Server\150\Tools\Binn\;C:\Program Files\Microsoft SQL Server\Client SDK\ODBC\170\Tools\Binn\;C:\Program Files (x86)\Microsoft SQL Server\150\Tools\Binn\;C:\Program Files\Microsoft SQL Server\150\DTS\Binn\;C:\Program Files (x86)\Microsoft SQL Server\150\DTS\Binn\;C:\Program Files\Azure Data Studio\bin;D:\XampNew\php;C:\ProgramData\ComposerSetup\bin;C:\ProgramData\chocolatey\bin;C:\Program Files\OpenSSL\bin;C:\Program Files\Git\cmd;C:\Program Files\nodejs\;C:\Users\zxr\AppData\Local\Microsoft\WindowsApps;C:\Users\zxr\.dotnet\tools;C:\Users\zxr\AppData\Roaming\Composer\vendor\bin;C:\Users\zxr\AppData\Roaming\npm;C:\Users\zxr\.nuget\packages\microsoft.extensions.apidescription.server\3.0.0\tools;C:\Users\zxr\.nuget\packages\messagepackanalyzer\2.1.152\tools;C:\Users\zxr\.nuget\packages\microsoft.codeanalysis.analyzers\3.3.2\tools;C:\Users\zxr\.nuget\packages\microsoft.codeanalysis.analyzerutilities\3.3.0\tools;C:\Users\zxr\.nuget\packages\microsoft.entityframeworkcore.tools\6.0.2\tools
USERNAME=zxr
OS=Windows_NT
PROCESSOR_IDENTIFIER=Intel64 Family 6 Model 158 Stepping 9, GenuineIntel



---------------  S Y S T E M  ---------------

OS: Windows 10 , 64 bit Build 19041 (10.0.19041.2364)
OS uptime: 0 days 2:36 hours
Hyper-V role detected

CPU:total 4 (initial active 4) (4 cores per cpu, 1 threads per core) family 6 model 158 stepping 9 microcode 0xb4, cmov, cx8, fxsr, mmx, sse, sse2, sse3, ssse3, sse4.1, sse4.2, popcnt, avx, avx2, aes, clmul, erms, rtm, 3dnowpref, lzcnt, tsc, tscinvbit, bmi1, bmi2, adx, fma

Memory: 4k page, system-wide physical 16339M (2226M free)
TotalPageFile size 18387M (AvailPageFile size 61M)
current process WorkingSet (physical memory assigned to process): 10M, peak: 10M
current process commit charge ("private bytes"): 52M, peak: 308M

vm_info: OpenJDK 64-Bit Server VM (11.0.12+7) for windows-amd64 JRE (11.0.12+7), built on Jul 21 2021 15:41:43 by "" with unknown MS VC++:1916

END.
